<?xml version="1.0" encoding="utf-8"?><testsuites name="pytest tests"><testsuite name="pytest" errors="0" failures="0" skipped="0" tests="7" time="13.524" timestamp="2026-09-12T23:07:02.473614+00:00" hostname="agent-env-cd0073d9-e4af-49e8-b567-94ae201048f5"><testcase classname="tests.test_stage_a_core_flows.TestPublicEnquiryFlow" name="test_enquiry_validation_and_idempotency" time="2.035" /><testcase classname="tests.test_stage_a_core_flows.TestSandboxIsolationAndAuth" name="test_separate_sandboxes_do_not_share_enquiries_or_settings" time="3.082" /><testcase classname="tests.test_stage_a_core_flows.TestPublicEnquiryFlow" name="test_enquiry_persists_once_and_embeds_task_notification" time="1.164" /><testcase classname="tests.test_stage_a_core_flows.TestSandboxIsolationAndAuth" name="test_demo_role_switch_revokes_previous_session_and_login_error_generic" time="2.601" /><testcase classname="tests.test_stage_a_core_flows.TestWorkspacePermissionsAndFlows" name="test_parent_staff_admin_scoping_and_revoke_guardian_persists" time="6.373" /><testcase classname="tests.test_stage_a_core_flows.TestSandboxIsolationAndAuth" name="test_csrf_required_for_authenticated_write_and_foreign_origin_rejected" time="1.727" /><testcase classname="tests.test_stage_a_core_flows.TestWorkspacePermissionsAndFlows" name="test_parent_activity_request_and_staff_attendance_versioning" time="3.485" /></testsuite></testsuites>