<?xml version="1.0" encoding="utf-8"?><testsuites name="pytest tests"><testsuite name="pytest" errors="0" failures="0" skipped="0" tests="4" time="13.344" timestamp="2026-09-13T04:41:53.692688+00:00" hostname="agent-env-cd0073d9-e4af-49e8-b567-94ae201048f5"><testcase classname="tests.test_practice_videos.TestPracticeVideoBackend" name="test_upload_workspace_scoping_and_viewed_idempotency" time="3.424" /><testcase classname="tests.test_practice_videos.TestPracticeVideoBackend" name="test_media_access_is_authenticated_and_child_scoped" time="3.589" /><testcase classname="tests.test_practice_videos.TestPracticeVideoBackend" name="test_patch_delete_permissions_and_soft_removal" time="4.055" /><testcase classname="tests.test_practice_videos.TestPracticeVideoBackend" name="test_public_media_allows_configured_paths_and_rejects_guessed_private_paths" time="1.770" /></testsuite></testsuites>